$ next build
- info Loaded env from D:\PROJECT\embed\apps\app-v3\.env
- info Creating an optimized production build...
- warn Compiled with warnings

../../node_modules/next/dist/pages/_app.js
Critical dependency: the request of a dependency is an expression

- info Linting and checking validity of types...

./src/app/(rewards)/components/RewardCard.tsx
5:8  Warning: 'dayjs' is defined but never used. Allowed unused vars must match /^_/u.  @typescript-eslint/no-unused-vars
11:8  Warning: 'TimeBadge' is defined but never used. Allowed unused vars must match /^_/u.  @typescript-eslint/no-unused-vars

./src/app/(rewards)/components/RewardDetail.tsx
4:10  Warning: 'Button' is defined but never used. Allowed unused vars must match /^_/u.  @typescript-eslint/no-unused-vars
11:8  Warning: 'TimeBadge' is defined but never used. Allowed unused vars must match /^_/u.  @typescript-eslint/no-unused-vars
20:9  Warning: 'handleRedeem' is assigned a value but never used. Allowed unused vars must match /^_/u.  @typescript-eslint/no-unused-vars

./src/app/(rewards)/rewards/search/SearchFilterBox.tsx
5:45  Warning: 'Radio' is defined but never used. Allowed unused vars must match /^_/u.  @typescript-eslint/no-unused-vars

./src/app/(rewards)/rewards/SessionListing.tsx
5:10  Warning: 'DotLoading' is defined but never used. Allowed unused vars must match /^_/u.  @typescript-eslint/no-unused-vars
10:27  Warning: 'useGetReward' is defined but never used. Allowed unused vars must match /^_/u.  @typescript-eslint/no-unused-vars

./src/app/@modal/(.)(rewards)/rewards/[id]/page.tsx
40:6  Warning: React Hook useEffect has a missing dependency: 'router'. Either include it or remove the dependency array.  react-hooks/exhaustive-deps

info  - Need to disable some ESLint rules? Learn more here: https://nextjs.org/docs/basic-features/eslint#disabling-rules
- info Collecting page data...
- info Generating static pages (0/15)
- info Generating static pages (3/15)
- info Generating static pages (7/15)
- info Generating static pages (11/15)
- info Generating static pages (15/15)
- info Finalizing page optimization...

Route (app)                                Size     First Load JS
┌ λ /                                      386 B          82.8 kB
├ ○ /_not-found                            0 B                0 B
├ λ /[...rest]                             554 B          78.2 kB
├ ○ /api/monitor/healthcheck               0 B                0 B
├ λ /membership                            0 B                0 B
├ λ /membership/history                    0 B                0 B
├ λ /rewards                               0 B                0 B
├ λ /rewards                               0 B                0 B
├ λ /rewards/[id]                          0 B                0 B
├ λ /rewards/detail/[id]                   0 B                0 B
├ λ /rewards/flashsale                     0 B                0 B
├ λ /rewards/my-rewards                    0 B                0 B
├ λ /rewards/s/[id]                        0 B                0 B
└ λ /rewards/search                        0 B                0 B
+ First Load JS shared by all              77.7 kB
  ├ chunks/347-d70a715ff3fd5643.js         24.7 kB
  ├ chunks/7fd0f9f1-257e52575fbcf8f8.js    50.6 kB
  ├ chunks/main-app-35e4916c11977748.js    264 B
  └ chunks/webpack-dd9c355e6012aba9.js     2.08 kB

Route (pages)                              Size     First Load JS
─ ○ /404                                   227 B            85 kB
+ First Load JS shared by all              84.8 kB
  ├ chunks/framework-69343afbb128feb5.js   45.3 kB
  ├ chunks/main-2a20ac886608cd24.js        37.2 kB
  ├ chunks/pages/_app-4f5a888baf7f3bc4.js  237 B
  └ chunks/webpack-dd9c355e6012aba9.js     2.08 kB

ƒ Middleware                               18 kB

λ  (Server)  server-side renders at runtime (uses getInitialProps or getServerSideProps)
○  (Static)  automatically rendered as static HTML (uses no initial props)

